2024-06-16 10:35:39,639 - WARNING - Failure in loading topics from external file: [Errno 2] No such file or directory: 'C:\\Users\\user\\Documents\\Database\\Courses\\Udemy\\Ardit Sulce\\3- Intermediate to Advanced Python - 10 OOP Projects\\Projects\\6- Automated Emails\\assets\\resources\\topicss.txt' (app_utils:app_utils.py:27)
2024-06-16 10:50:52,312 - WARNING - Failure in loading topics from external file: [Errno 2] No such file or directory: 'C:\\Users\\user\\Documents\\Database\\Courses\\Udemy\\Ardit Sulce\\3- Intermediate to Advanced Python - 10 OOP Projects\\Projects\\6- Automated Emails\\assets\\resources\\topicss.txt' (app_utils:app_utils.py:29)
2024-06-16 10:51:04,096 - WARNING - Failure in loading topics from external file: [Errno 2] No such file or directory: 'C:\\Users\\user\\Documents\\Database\\Courses\\Udemy\\Ardit Sulce\\3- Intermediate to Advanced Python - 10 OOP Projects\\Projects\\6- Automated Emails\\assets\\resources\\topicss.txt' (app_utils:app_utils.py:29)
2024-06-16 10:52:10,486 - WARNING - Failure in loading topics from external file: [Errno 2] No such file or directory: 'C:\\Users\\user\\Documents\\Database\\Courses\\Udemy\\Ardit Sulce\\3- Intermediate to Advanced Python - 10 OOP Projects\\Projects\\6- Automated Emails\\assets\\resources\\topicss.txt' (app_utils:app_utils.py:29)
2024-06-16 10:52:45,064 - WARNING - Failure in loading topics from external file: [Errno 2] No such file or directory: 'C:\\Users\\user\\Documents\\Database\\Courses\\Udemy\\Ardit Sulce\\3- Intermediate to Advanced Python - 10 OOP Projects\\Projects\\6- Automated Emails\\assets\\resources\\topicss.txt' (app_utils:app_utils.py:29)
2024-06-16 10:53:25,860 - DEBUG - Starting new HTTPS connection (1): newsapi.org:443 (connectionpool:connectionpool.py:1055)
2024-06-16 10:53:30,570 - DEBUG - https://newsapi.org:443 "GET /v2/everything?q=tesla&language=en&apiKey=None HTTP/1.1" 401 162 (connectionpool:connectionpool.py:549)
2024-06-16 10:53:30,571 - ERROR - Request failed: 401 Client Error: Unauthorized for url: https://newsapi.org/v2/everything?q=tesla&language=en&apiKey=None (main:main.py:103)
2024-06-16 11:11:23,555 - DEBUG - Starting new HTTPS connection (1): newsapi.org:443 (connectionpool:connectionpool.py:1055)
2024-06-16 11:11:24,352 - DEBUG - https://newsapi.org:443 "GET /v2/everything?q=tesla&language=en&apiKey=dcf8be6726ec4796b321c412f9fa34b5 HTTP/1.1" 200 None (connectionpool:connectionpool.py:549)
2024-06-16 11:13:13,792 - DEBUG - Starting new HTTPS connection (1): newsapi.org:443 (connectionpool:connectionpool.py:1055)
2024-06-16 11:13:14,440 - DEBUG - https://newsapi.org:443 "GET /v2/everything?q=tesla&language=en&apiKey=dcf8be6726ec4796b321c412f9fa34b5 HTTP/1.1" 200 None (connectionpool:connectionpool.py:549)
2024-06-16 11:27:14,784 - DEBUG - Starting new HTTPS connection (1): newsapi.org:443 (connectionpool:connectionpool.py:1055)
2024-06-16 11:27:15,567 - DEBUG - https://newsapi.org:443 "GET /v2/everything?q=sex&language=fr&apiKey=dcf8be6726ec4796b321c412f9fa34b5 HTTP/1.1" 200 None (connectionpool:connectionpool.py:549)
2024-06-16 11:35:31,345 - DEBUG - Starting new HTTPS connection (1): newsapi.org:443 (connectionpool:connectionpool.py:1055)
2024-06-16 11:35:32,836 - DEBUG - https://newsapi.org:443 "GET /v2/everything?q=tesla&language=fr&apiKey=dcf8be6726ec4796b321c412f9fa34b5 HTTP/1.1" 200 None (connectionpool:connectionpool.py:549)
2024-06-16 11:36:00,305 - DEBUG - Starting new HTTPS connection (1): newsapi.org:443 (connectionpool:connectionpool.py:1055)
2024-06-16 11:36:00,843 - DEBUG - https://newsapi.org:443 "GET /v2/everything?q=sex&language=fr&apiKey=dcf8be6726ec4796b321c412f9fa34b5 HTTP/1.1" 200 None (connectionpool:connectionpool.py:549)
2024-06-16 13:38:23,145 - DEBUG - Starting new HTTPS connection (1): newsapi.org:443 (connectionpool:connectionpool.py:1055)
2024-06-16 13:38:23,433 - DEBUG - https://newsapi.org:443 "GET /v2/everything?q=sex&searchIn=title&language=fr&sortBy=popularity&apiKey=dcf8be6726ec4796b321c412f9fa34b5 HTTP/1.1" 200 None (connectionpool:connectionpool.py:549)
2024-06-16 13:38:58,215 - DEBUG - Starting new HTTPS connection (1): newsapi.org:443 (connectionpool:connectionpool.py:1055)
2024-06-16 13:38:58,932 - DEBUG - https://newsapi.org:443 "GET /v2/everything?q=sex&searchIn=description&language=fr&sortBy=popularity&apiKey=dcf8be6726ec4796b321c412f9fa34b5 HTTP/1.1" 200 None (connectionpool:connectionpool.py:549)
2024-06-16 13:39:19,141 - DEBUG - Starting new HTTPS connection (1): newsapi.org:443 (connectionpool:connectionpool.py:1055)
2024-06-16 13:39:19,676 - DEBUG - https://newsapi.org:443 "GET /v2/everything?q=sex&searchIn=content&language=fr&sortBy=popularity&apiKey=dcf8be6726ec4796b321c412f9fa34b5 HTTP/1.1" 200 None (connectionpool:connectionpool.py:549)
2024-06-16 13:39:47,412 - DEBUG - Starting new HTTPS connection (1): newsapi.org:443 (connectionpool:connectionpool.py:1055)
2024-06-16 13:39:47,830 - DEBUG - https://newsapi.org:443 "GET /v2/everything?q=sex&language=fr&sortBy=popularity&apiKey=dcf8be6726ec4796b321c412f9fa34b5 HTTP/1.1" 200 None (connectionpool:connectionpool.py:549)
2024-06-16 14:08:36,212 - DEBUG - Starting new HTTPS connection (1): newsapi.org:443 (connectionpool:connectionpool.py:1055)
2024-06-16 14:08:36,797 - DEBUG - https://newsapi.org:443 "GET /v2/everything?q=sex&from=2024-06-16T14:08:36.209758&to=2024-06-15T14:08:36.209758&language=fr&apiKey=dcf8be6726ec4796b321c412f9fa34b5 HTTP/1.1" 200 46 (connectionpool:connectionpool.py:549)
2024-06-16 14:08:36,800 - ERROR - No articles found for the provided topic/language. (app_utils:app_utils.py:94)
2024-06-16 14:09:27,604 - DEBUG - Starting new HTTPS connection (1): newsapi.org:443 (connectionpool:connectionpool.py:1055)
2024-06-16 14:09:28,419 - DEBUG - https://newsapi.org:443 "GET /v2/everything?q=sex&from=2024-06-16T14:09:27.601107&to=2024-05-17T14:09:27.601107&language=fr&apiKey=dcf8be6726ec4796b321c412f9fa34b5 HTTP/1.1" 200 None (connectionpool:connectionpool.py:549)
2024-06-16 14:12:00,236 - DEBUG - Starting new HTTPS connection (1): newsapi.org:443 (connectionpool:connectionpool.py:1055)
2024-06-16 14:12:00,790 - DEBUG - https://newsapi.org:443 "GET /v2/everything?q=dick&from=2024-06-16T14:12:00.232513&to=2024-05-17T14:12:00.232513&language=en&apiKey=dcf8be6726ec4796b321c412f9fa34b5 HTTP/1.1" 200 None (connectionpool:connectionpool.py:549)
2024-06-16 14:12:25,717 - DEBUG - Starting new HTTPS connection (1): newsapi.org:443 (connectionpool:connectionpool.py:1055)
2024-06-16 14:12:26,648 - DEBUG - https://newsapi.org:443 "GET /v2/everything?q=sex&from=2024-06-16T14:12:25.714958&to=2024-05-17T14:12:25.714958&language=fr&apiKey=dcf8be6726ec4796b321c412f9fa34b5 HTTP/1.1" 200 None (connectionpool:connectionpool.py:549)
2024-06-16 14:27:55,588 - DEBUG - Starting new HTTPS connection (1): newsapi.org:443 (connectionpool:connectionpool.py:1055)
2024-06-16 14:27:55,904 - DEBUG - https://newsapi.org:443 "GET /v2/everything?q=sex&from=2024-06-16T14:27:55.586275&to=2024-06-16T13:27:55.586275&language=fr&apiKey=dcf8be6726ec4796b321c412f9fa34b5 HTTP/1.1" 200 46 (connectionpool:connectionpool.py:549)
2024-06-16 14:27:55,906 - ERROR - No articles found for the provided topic/language. (app_utils:app_utils.py:94)
2024-06-16 14:28:33,332 - DEBUG - Starting new HTTPS connection (1): newsapi.org:443 (connectionpool:connectionpool.py:1055)
2024-06-16 14:28:33,892 - DEBUG - https://newsapi.org:443 "GET /v2/everything?q=sex&from=2024-06-16T14:28:33.330218&to=2024-06-16T13:28:33.330218&language=fr&apiKey=dcf8be6726ec4796b321c412f9fa34b5 HTTP/1.1" 200 46 (connectionpool:connectionpool.py:549)
2024-06-16 14:28:33,892 - ERROR - No articles found for the provided topic/language. (app_utils:app_utils.py:94)
2024-06-16 14:29:11,462 - DEBUG - Starting new HTTPS connection (1): newsapi.org:443 (connectionpool:connectionpool.py:1055)
2024-06-16 14:29:11,997 - DEBUG - https://newsapi.org:443 "GET /v2/everything?q=sex&from=2024-06-16T14:29:11.459770&to=2024-05-17T14:29:11.459770&language=fr&apiKey=dcf8be6726ec4796b321c412f9fa34b5 HTTP/1.1" 200 None (connectionpool:connectionpool.py:549)
2024-06-16 14:30:00,502 - DEBUG - Starting new HTTPS connection (1): newsapi.org:443 (connectionpool:connectionpool.py:1055)
2024-06-16 14:30:01,002 - DEBUG - https://newsapi.org:443 "GET /v2/everything?q=sex&from=2024-06-16T14:30:00.500452&to=2024-05-17T14:30:00.500452&language=fr&apiKey=dcf8be6726ec4796b321c412f9fa34b5 HTTP/1.1" 200 None (connectionpool:connectionpool.py:549)
2024-06-16 14:30:52,746 - DEBUG - Starting new HTTPS connection (1): newsapi.org:443 (connectionpool:connectionpool.py:1055)
2024-06-16 14:30:53,273 - DEBUG - https://newsapi.org:443 "GET /v2/everything?q=sex&from=2024-06-16T14:30:52.744176&to=2024-05-17T14:30:52.744176&language=fr&apiKey=dcf8be6726ec4796b321c412f9fa34b5 HTTP/1.1" 200 None (connectionpool:connectionpool.py:549)
2024-06-16 14:31:44,987 - DEBUG - Starting new HTTPS connection (1): newsapi.org:443 (connectionpool:connectionpool.py:1055)
2024-06-16 14:31:45,907 - DEBUG - https://newsapi.org:443 "GET /v2/everything?q=sex&from=2024-06-16T14:31:44.984223&to=2024-05-17T14:31:44.984223&language=fr&apiKey=dcf8be6726ec4796b321c412f9fa34b5 HTTP/1.1" 200 None (connectionpool:connectionpool.py:549)
2024-06-16 14:36:20,810 - DEBUG - Starting new HTTPS connection (1): newsapi.org:443 (connectionpool:connectionpool.py:1055)
2024-06-16 14:36:21,983 - DEBUG - https://newsapi.org:443 "GET /v2/everything?q=sex&from=2024-06-16T14:36:20.807563&to=2024-05-17T14:36:20.807563&language=fr&apiKey=dcf8be6726ec4796b321c412f9fa34b5 HTTP/1.1" 200 None (connectionpool:connectionpool.py:549)
2024-06-16 15:02:50,962 - DEBUG - Starting new HTTPS connection (1): newsapi.org:443 (connectionpool:connectionpool.py:1055)
2024-06-16 15:02:51,885 - DEBUG - https://newsapi.org:443 "GET /v2/everything?q=sex&from=2024-06-16T15:02:50.958255&to=2024-05-17T15:02:50.958255&language=en&apiKey=dcf8be6726ec4796b321c412f9fa34b5 HTTP/1.1" 200 None (connectionpool:connectionpool.py:549)
2024-06-16 15:03:42,382 - DEBUG - Starting new HTTPS connection (1): newsapi.org:443 (connectionpool:connectionpool.py:1055)
2024-06-16 15:03:43,289 - DEBUG - https://newsapi.org:443 "GET /v2/everything?q=sex&from=2024-06-16T15:03:42.378950&to=2024-05-17T15:03:42.378950&language=en&apiKey=dcf8be6726ec4796b321c412f9fa34b5 HTTP/1.1" 200 None (connectionpool:connectionpool.py:549)
2024-06-16 15:03:59,411 - DEBUG - Starting new HTTPS connection (1): newsapi.org:443 (connectionpool:connectionpool.py:1055)
2024-06-16 15:03:59,852 - DEBUG - https://newsapi.org:443 "GET /v2/everything?q=sex&from=2024-06-16T15:03:59.406627&to=2024-05-17T15:03:59.406627&language=en&apiKey=dcf8be6726ec4796b321c412f9fa34b5 HTTP/1.1" 200 None (connectionpool:connectionpool.py:549)
2024-06-16 15:04:29,670 - DEBUG - Starting new HTTPS connection (1): newsapi.org:443 (connectionpool:connectionpool.py:1055)
2024-06-16 15:04:30,189 - DEBUG - https://newsapi.org:443 "GET /v2/everything?q=sex&from=2024-06-16T15:04:29.665532&to=2024-05-17T15:04:29.665532&language=en&apiKey=dcf8be6726ec4796b321c412f9fa34b5 HTTP/1.1" 200 None (connectionpool:connectionpool.py:549)
2024-06-16 15:05:13,602 - DEBUG - Starting new HTTPS connection (1): newsapi.org:443 (connectionpool:connectionpool.py:1055)
2024-06-16 15:05:14,017 - DEBUG - https://newsapi.org:443 "GET /v2/everything?q=sex&from=2024-06-16T15:05:13.597881&to=2024-05-17T15:05:13.597881&language=en&apiKey=dcf8be6726ec4796b321c412f9fa34b5 HTTP/1.1" 200 None (connectionpool:connectionpool.py:549)
2024-06-16 15:07:56,044 - DEBUG - Starting new HTTPS connection (1): newsapi.org:443 (connectionpool:connectionpool.py:1055)
2024-06-16 15:07:56,936 - DEBUG - https://newsapi.org:443 "GET /v2/everything?q=sex&from=2024-06-16T15:07:56.042749&to=2024-05-17T15:07:56.042749&language=en&apiKey=dcf8be6726ec4796b321c412f9fa34b5 HTTP/1.1" 200 None (connectionpool:connectionpool.py:549)
2024-06-16 15:11:01,269 - DEBUG - Starting new HTTPS connection (1): newsapi.org:443 (connectionpool:connectionpool.py:1055)
2024-06-16 15:11:01,872 - DEBUG - https://newsapi.org:443 "GET /v2/everything?q=sex&from=2024-06-16T15:11:01.264908&to=2024-05-17T15:11:01.264908&language=en&apiKey=dcf8be6726ec4796b321c412f9fa34b5 HTTP/1.1" 200 None (connectionpool:connectionpool.py:549)
2024-06-16 15:12:04,935 - DEBUG - Starting new HTTPS connection (1): newsapi.org:443 (connectionpool:connectionpool.py:1055)
2024-06-16 15:12:05,744 - DEBUG - https://newsapi.org:443 "GET /v2/everything?q=sex&from=2024-06-16T15:12:04.932483&to=2024-05-17T15:12:04.932483&language=en&apiKey=dcf8be6726ec4796b321c412f9fa34b5 HTTP/1.1" 200 None (connectionpool:connectionpool.py:549)
2024-06-16 15:25:09,170 - DEBUG - Starting new HTTPS connection (1): newsapi.org:443 (connectionpool:connectionpool.py:1055)
2024-06-16 15:25:09,755 - DEBUG - https://newsapi.org:443 "GET /v2/everything?q=sex&from=2024-05-17T15:25:09.158176&to=2024-06-16T15:25:09.158176&language=en&apiKey=dcf8be6726ec4796b321c412f9fa34b5 HTTP/1.1" 200 None (connectionpool:connectionpool.py:549)
2024-06-16 15:36:43,135 - DEBUG - Starting new HTTPS connection (1): newsapi.org:443 (connectionpool:connectionpool.py:1055)
2024-06-16 15:36:44,028 - DEBUG - https://newsapi.org:443 "GET /v2/everything?q=sex&from=2024-05-17T15:36:43.127637&to=2024-06-16T15:36:43.127637&language=en&apiKey=dcf8be6726ec4796b321c412f9fa34b5 HTTP/1.1" 200 None (connectionpool:connectionpool.py:549)
2024-06-16 15:54:08,783 - ERROR - An unexpected error occurred: 'str' object has no attribute 'strftime' (classes:classes.py:87)
2024-06-16 15:56:38,369 - ERROR - An unexpected error occurred: 'str' object has no attribute 'strftime' (classes:classes.py:87)
2024-06-16 15:57:00,958 - ERROR - An unexpected error occurred: 'str' object has no attribute 'strftime' (classes:classes.py:87)
2024-06-16 15:57:45,534 - ERROR - Request failed: No connection adapters were found for 'NEWS_API_ENDOINT_EVERYTHING?q=sex&from=2024-05-17T15:57:45.528687&to=2024-06-16T15:57:45.528687&language=en&apiKey=dcf8be6726ec4796b321c412f9fa34b5' (classes:classes.py:84)
2024-06-16 17:16:21,677 - ERROR - Request failed: No connection adapters were found for 'NEWS_API_ENDOINT_EVERYTHING?q=sex&from=2024-05-17T17:16:21.671507&to=2024-06-16T17:16:21.671507&language=en&apiKey=dcf8be6726ec4796b321c412f9fa34b5' (classes:classes.py:81)
2024-06-16 17:19:59,592 - ERROR - Request failed: No connection adapters were found for 'NEWS_API_ENDOINT_EVERYTHING?q=sex&from=2024-05-17T17:19:59.588314&to=2024-06-16T17:19:59.588314&language=en&apiKey=dcf8be6726ec4796b321c412f9fa34b5' (classes:classes.py:81)
2024-06-16 17:20:32,232 - ERROR - Request failed: No connection adapters were found for 'NEWS_API_ENDOINT_EVERYTHING?q=sex&from=2024-05-17T17:20:32.228589&to=2024-06-16T17:20:32.228589&language=en&apiKey=dcf8be6726ec4796b321c412f9fa34b5' (classes:classes.py:81)
2024-06-16 17:22:19,726 - ERROR - Request failed: No connection adapters were found for 'NEWS_API_ENDOINT_EVERYTHING?q=sex&from=2024-05-17T17:22:19.723144&to=2024-06-16T17:22:19.723144&language=en&apiKey=dcf8be6726ec4796b321c412f9fa34b5' (classes:classes.py:81)
2024-06-16 17:23:00,226 - ERROR - Request failed: No connection adapters were found for 'NEWS_API_ENDOINT_EVERYTHING?q=sex&from=2024-05-17T17:23:00.222389&to=2024-06-16T17:23:00.222389&language=en&apiKey=dcf8be6726ec4796b321c412f9fa34b5' (classes:classes.py:84)
2024-06-16 17:24:39,022 - DEBUG - Starting new HTTPS connection (1): newsapi.org:443 (connectionpool:connectionpool.py:1055)
2024-06-16 17:24:39,824 - DEBUG - https://newsapi.org:443 "GET /v2/everything?q=sex&from=2024-05-17T17:24:39.017714&to=2024-06-16T17:24:39.017714&language=en&apiKey=dcf8be6726ec4796b321c412f9fa34b5 HTTP/1.1" 200 None (connectionpool:connectionpool.py:549)
2024-06-16 17:25:19,667 - DEBUG - Starting new HTTPS connection (1): newsapi.org:443 (connectionpool:connectionpool.py:1055)
2024-06-16 17:25:21,079 - DEBUG - https://newsapi.org:443 "GET /v2/everything?q=sex&from=2024-05-17T17:25:19.663614&to=2024-06-16T17:25:19.663614&language=en&apiKey=dcf8be6726ec4796b321c412f9fa34b5 HTTP/1.1" 200 None (connectionpool:connectionpool.py:549)
2024-06-16 17:35:51,705 - DEBUG - Starting new HTTPS connection (1): newsapi.org:443 (connectionpool:connectionpool.py:1055)
2024-06-16 17:35:52,535 - DEBUG - https://newsapi.org:443 "GET /v2/everything?q=sex&from=2024-05-17T17:35:51.701643&to=2024-06-16T17:35:51.701643&language=en&apiKey=dcf8be6726ec4796b321c412f9fa34b5 HTTP/1.1" 200 None (connectionpool:connectionpool.py:549)
2024-06-16 17:37:24,983 - DEBUG - Starting new HTTPS connection (1): newsapi.org:443 (connectionpool:connectionpool.py:1055)
2024-06-16 17:37:25,462 - DEBUG - https://newsapi.org:443 "GET /v2/everything?q=sex&from=2024-05-17T17:37:24.978998&to=2024-06-16T17:37:24.978998&language=en&apiKey=dcf8be6726ec4796b321c412f9fa34b5 HTTP/1.1" 200 None (connectionpool:connectionpool.py:549)
2024-06-16 17:38:02,983 - DEBUG - Starting new HTTPS connection (1): newsapi.org:443 (connectionpool:connectionpool.py:1055)
2024-06-16 17:38:03,761 - DEBUG - https://newsapi.org:443 "GET /v2/everything?q=sex&from=2024-05-17T17:38:02.978485&to=2024-06-16T17:38:02.978485&language=en&apiKey=dcf8be6726ec4796b321c412f9fa34b5 HTTP/1.1" 200 None (connectionpool:connectionpool.py:549)
2024-06-16 17:38:04,586 - ERROR - An unexpected error occurred while sending email: Emailaddress "lalal" is not valid according to RFC 2822 standards (classes:classes.py:162)
2024-06-16 17:39:11,143 - DEBUG - Starting new HTTPS connection (1): newsapi.org:443 (connectionpool:connectionpool.py:1055)
2024-06-16 17:39:11,934 - DEBUG - https://newsapi.org:443 "GET /v2/everything?q=sex&from=2024-05-17T17:39:11.139882&to=2024-06-16T17:39:11.139882&language=en&apiKey=dcf8be6726ec4796b321c412f9fa34b5 HTTP/1.1" 200 None (connectionpool:connectionpool.py:549)
2024-06-16 17:39:12,661 - ERROR - An unexpected error occurred while sending email: (535, b'5.7.8 Username and Password not accepted. For more information, go to\n5.7.8  https://support.google.com/mail/?p=BadCredentials 5b1f17b1804b1-422f602e802sm131250565e9.11 - gsmtp') (classes:classes.py:162)
2024-06-16 17:44:01,677 - DEBUG - Starting new HTTPS connection (1): newsapi.org:443 (connectionpool:connectionpool.py:1055)
2024-06-16 17:44:02,157 - DEBUG - https://newsapi.org:443 "GET /v2/everything?q=sex&from=2024-05-17T17:44:01.673681&to=2024-06-16T17:44:01.673681&language=en&apiKey=dcf8be6726ec4796b321c412f9fa34b5 HTTP/1.1" 200 None (connectionpool:connectionpool.py:549)
2024-06-16 17:44:02,931 - ERROR - Failure to send email: Emailaddress "lalal" is not valid according to RFC 2822 standards (classes:classes.py:137)
Traceback (most recent call last):
  File "C:\Users\user\Documents\Database\Courses\Udemy\Ardit Sulce\3- Intermediate to Advanced Python - 10 OOP Projects\Projects\6- Automated Emails\classes.py", line 131, in send
    yag_connection.send(to=self.receiver,
  File "C:\Users\user\Documents\Database\Courses\Udemy\Ardit Sulce\3- Intermediate to Advanced Python - 10 OOP Projects\Projects\6- Automated Emails\.venv\Lib\site-packages\yagmail\sender.py", line 157, in send
    recipients, msg_strings = self.prepare_send(
                              ^^^^^^^^^^^^^^^^^^
  File "C:\Users\user\Documents\Database\Courses\Udemy\Ardit Sulce\3- Intermediate to Advanced Python - 10 OOP Projects\Projects\6- Automated Emails\.venv\Lib\site-packages\yagmail\sender.py", line 120, in prepare_send
    validate_email_with_regex(email_addr)
  File "C:\Users\user\Documents\Database\Courses\Udemy\Ardit Sulce\3- Intermediate to Advanced Python - 10 OOP Projects\Projects\6- Automated Emails\.venv\Lib\site-packages\yagmail\validate.py", line 110, in validate_email_with_regex
    raise YagInvalidEmailAddress(emsg)
yagmail.error.YagInvalidEmailAddress: Emailaddress "lalal" is not valid according to RFC 2822 standards
2024-06-16 17:44:27,250 - DEBUG - Starting new HTTPS connection (1): newsapi.org:443 (connectionpool:connectionpool.py:1055)
2024-06-16 17:44:27,657 - DEBUG - https://newsapi.org:443 "GET /v2/everything?q=sex&from=2024-05-17T17:44:27.245085&to=2024-06-16T17:44:27.245085&language=en&apiKey=dcf8be6726ec4796b321c412f9fa34b5 HTTP/1.1" 200 None (connectionpool:connectionpool.py:549)
2024-06-16 17:44:29,144 - INFO - Email sent successfully to "dofef22481@morxin.com" with subject: Greeting (classes:classes.py:134)
2024-06-16 17:45:31,731 - DEBUG - Starting new HTTPS connection (1): newsapi.org:443 (connectionpool:connectionpool.py:1055)
2024-06-16 17:45:32,109 - DEBUG - https://newsapi.org:443 "GET /v2/everything?q=sex&from=2024-05-17T17:45:31.725302&to=2024-06-16T17:45:31.725302&language=en&apiKey=dcf8be6726ec4796b321c412f9fa34b5 HTTP/1.1" 200 None (connectionpool:connectionpool.py:549)
2024-06-16 17:45:33,547 - INFO - Email sent successfully to "dofef22481@morxin.com" with subject: "Greeting" (classes:classes.py:134)
2024-06-16 17:47:03,988 - DEBUG - Starting new HTTPS connection (1): newsapi.org:443 (connectionpool:connectionpool.py:1055)
2024-06-16 17:47:04,361 - DEBUG - https://newsapi.org:443 "GET /v2/everything?q=sex&from=2024-05-17T17:47:03.984618&to=2024-06-16T17:47:03.984618&language=en&apiKey=dcf8be6726ec4796b321c412f9fa34b5 HTTP/1.1" 200 None (connectionpool:connectionpool.py:549)
2024-06-16 17:47:05,803 - INFO - Email sent successfully to "dofef22481@morxin.com" with subject: "Greeting" (classes:classes.py:161)
